[21:31:59] [info] VERTEX: Creating window: Vertex Editor (1600, 900, 1.7777778)
[21:32:00] [info] VERTEX: GLAD STATUS: 1
[21:32:00] [info] VERTEX: OpenGL Info:
[21:32:00] [info] VERTEX:   Vendor: NVIDIA Corporation
[21:32:00] [info] VERTEX:   Renderer: NVIDIA GeForce GTX 1660 SUPER/PCIe/SSE2
[21:32:00] [info] VERTEX:   Version: 4.6.0 NVIDIA 560.94
[21:32:00] [trace] VERTEX: Plugins:
[21:32:00] [trace] VERTEX: 	plugins\discord-rpc.dll
[21:32:00] [trace] VERTEX: 	plugins\Test-DLL.dll
[21:32:00] [info] VERTEX: Loaded PDB Resources/Scripts/Vertex-ScriptCore.pdb
[21:32:00] [trace] VERTEX: .<Module>
[21:32:00] [trace] VERTEX: Vertex.CPPEntity
[21:32:00] [trace] VERTEX: Vertex.ENTBaseBoxCollier2D
[21:32:00] [trace] VERTEX: Vertex.ENTBaseRigidbody2D
[21:32:00] [trace] VERTEX: Vertex.Entity
[21:32:00] [trace] VERTEX: Vertex.Input
[21:32:00] [trace] VERTEX: Vertex.InternalCalls
[21:32:00] [trace] VERTEX: Vertex.KeyCode
[21:32:00] [trace] VERTEX: Vertex.Logger
[21:32:00] [trace] VERTEX: Vertex.BaseLogger
[21:32:00] [trace] VERTEX: Vertex.AppLogger
[21:32:00] [trace] VERTEX: Vertex.CoreLogger
[21:32:00] [trace] VERTEX: Vertex.Mathf
[21:32:00] [trace] VERTEX: Vertex.MouseCode
[21:32:00] [trace] VERTEX: Vertex.Object
[21:32:00] [trace] VERTEX: Vertex.Renderer2D
[21:32:00] [trace] VERTEX: Vertex.Texture2D
[21:32:00] [trace] VERTEX: Vertex.Colour
[21:32:00] [trace] VERTEX: Vertex.Vector2
[21:32:00] [trace] VERTEX: Vertex.Vector3
[21:32:00] [trace] VERTEX: Vertex.Vector4
[21:32:00] [trace] VERTEX: .BodyType
[21:32:00] [info] VERTEX: Loaded PDB Sandbox/Assets/Scripts/Binaries/Sandbox.pdb
[21:32:00] [trace] VERTEX: .<Module>
[21:32:00] [trace] VERTEX: Sandbox.Bullet
[21:32:00] [trace] VERTEX: Sandbox.Enemy
[21:32:00] [trace] VERTEX: Sandbox.EnemySpawner
[21:32:00] [trace] VERTEX: Sandbox.Gun
[21:32:00] [trace] VERTEX: Sandbox.HealthSystem
[21:32:00] [trace] VERTEX: Sandbox.Parallax
[21:32:00] [trace] VERTEX: Sandbox.Player
[21:32:00] [warning] VERTEX: Bullet has 2 fields:
[21:32:00] [warning] VERTEX:   speed (Float)
[21:32:00] [warning] VERTEX:   dir (Vertex.Vector3)
[21:32:00] [warning] VERTEX: Enemy has 2 fields:
[21:32:00] [warning] VERTEX:   Time (Float)
[21:32:00] [error] VERTEX: Unknown type: Sandbox.Player
[21:32:00] [warning] VERTEX:   player (None)
[21:32:00] [warning] VERTEX: EnemySpawner has 5 fields:
[21:32:00] [warning] VERTEX:   BoxSize (Vertex.Vector2)
[21:32:00] [warning] VERTEX:   speed (Float)
[21:32:00] [warning] VERTEX:   spawnTimer (Float)
[21:32:00] [warning] VERTEX:   gameTimer (Float)
[21:32:00] [error] VERTEX: Unknown type: System.Collections.Generic.List<Sandbox.Enemy>
[21:32:00] [warning] VERTEX:   enemies (None)
[21:32:00] [warning] VERTEX: Parallax has 8 fields:
[21:32:00] [warning] VERTEX:   Time (Float)
[21:32:00] [error] VERTEX: Unknown type: Sandbox.Player
[21:32:00] [warning] VERTEX:   player (None)
[21:32:00] [warning] VERTEX:   startPos (Float)
[21:32:00] [warning] VERTEX:   length (Float)
[21:32:00] [warning] VERTEX:   parallaxEffectSpeed1 (Float)
[21:32:00] [warning] VERTEX:   parallaxEffectPos1 (Vertex.Vector3)
[21:32:00] [warning] VERTEX:   parallaxEffectSpeed2 (Float)
[21:32:00] [warning] VERTEX:   parallaxEffectPos2 (Vertex.Vector3)
[21:32:00] [warning] VERTEX: Player has 10 fields:
[21:32:00] [error] VERTEX: Unknown type: Sandbox.HealthSystem
[21:32:00] [warning] VERTEX:   healthSystem (None)
[21:32:00] [warning] VERTEX:   LOL (Int)
[21:32:00] [warning] VERTEX:   Speed (Float)
[21:32:00] [warning] VERTEX:   JumpTime (Float)
[21:32:00] [warning] VERTEX:   Time (Float)
[21:32:00] [warning] VERTEX:   GunDistance (Float)
[21:32:00] [error] VERTEX: Unknown type: System.Collections.Generic.List<Sandbox.Gun>
[21:32:00] [warning] VERTEX:   Guns (None)
[21:32:00] [error] VERTEX: Unknown type: Sandbox.Gun
[21:32:00] [warning] VERTEX:   currentGun (None)
[21:32:00] [warning] VERTEX:   currentGunIndex (Int)
[21:32:00] [warning] VERTEX:   offset (Float)
[21:32:00] [info] VERTEX: Registering Entities
[21:32:00] [error] VERTEX: 	Could not find ENT type Vertex.ENTPropDynamicSprite
[21:32:00] [error] VERTEX: 	Could not find ENT type Vertex.ENTPropStaticSprite
[21:32:00] [error] VERTEX: 	Could not find ENT type Vertex.ENTEnvStaticTilemap
[21:32:00] [error] VERTEX: 	Could not find ENT type Vertex.ENTEnvScript
[21:32:00] [error] VERTEX: 	Could not find ENT type Vertex.ENTPointCamera2D
[21:32:00] [error] VERTEX: 	Could not find ENT type Vertex.ENTTriggerChangeLevelCircle
[21:32:00] [info] VERTEX: ~Registering Entities
[21:32:06] [error] VERTEX: Assertion failed: Unknown ScriptFieldType
[21:32:09] [error] VERTEX: Assertion failed: Unknown ScriptFieldType
[21:32:10] [error] VERTEX: Assertion failed: Unknown ScriptFieldType
[21:32:10] [error] VERTEX: Assertion failed: Unknown ScriptFieldType
[21:32:10] [error] VERTEX: Assertion failed: Unknown ScriptFieldType
[21:32:11] [info] APP: Map
